<?xml version="1.0" encoding="UTF-8"?>
<!-- Generated by org.testng.reporters.JUnitReportReporter -->
<testsuite skipped="0" hostname="DESKTOP-I533CSV" name="TestCases.TC_001_LoginPage" tests="1" failures="0" timestamp="2020-01-26T12:07:02 IST" time="8.494" errors="0">
  <testcase name="runLogin" time="8.494" classname="TestCases.TC_001_LoginPage"/>
</testsuite> <!-- TestCases.TC_001_LoginPage -->
